/*C5*/SET SCHEMA PUBLIC
DISCONNECT
/*C6*/SET SCHEMA PUBLIC
drop table Customer if exists
create table Customer (id integer generated by default as identity (start with 1), name varchar(255), primary key (id))
DISCONNECT
/*C7*/SET SCHEMA PUBLIC
drop table Customer if exists
create table Customer (id integer generated by default as identity (start with 1), name varchar(255), primary key (id))
DISCONNECT
/*C8*/SET SCHEMA PUBLIC
INSERT INTO CUSTOMER VALUES(1,'cust_name')
COMMIT
DISCONNECT
/*C9*/SET SCHEMA PUBLIC
DISCONNECT
/*C10*/SET SCHEMA PUBLIC
drop table Customer if exists
create table Customer (id integer generated by default as identity (start with 1), name varchar(255), primary key (id))
DISCONNECT
/*C11*/SET SCHEMA PUBLIC
drop table Customer if exists
create table Customer (id integer generated by default as identity (start with 1), name varchar(255), primary key (id))
DISCONNECT
